<?xml version="1.0" encoding="UTF-8"?>
<!-- Generated by org.testng.reporters.JUnitXMLReporter -->
<testsuite ignored="0" hostname="DESKTOP-4DKG3IL" failures="0" tests="3" name="Surefire test" time="38.612" errors="0" timestamp="2023-07-01T13:12:48 IST">
  <testcase classname="com.qa.testcases.HomepageTest" name="gettitlecomtats" time="15.844"/>
  <testcase classname="com.qa.testcases.LoginpageTest" name="clicklogin" time="0.431"/>
  <testcase classname="com.qa.testcases.LoginpageTest" name="verifytitle" time="0.018"/>
</testsuite> <!-- Surefire test -->
