<?xml version="1.0" encoding="UTF-8"?>
<!-- Generated by org.testng.reporters.JUnitXMLReporter -->
<testsuite ignored="0" hostname="DESKTOP-4DKG3IL" failures="0" tests="3" name="Free crm testcases" time="32.767" errors="0" timestamp="2023-07-01T12:42:42 IST">
  <testcase classname="com.qa.testcases.LoginpageTest" name="clicklogin" time="0.406"/>
  <testcase classname="com.qa.testcases.LoginpageTest" name="verifytitle" time="0.02"/>
  <testcase classname="com.qa.testcases.HomepageTest" name="gettitlecomtats" time="15.617"/>
</testsuite> <!-- Free crm testcases -->
