<?xml version="1.0" encoding="UTF-8"?>
<testng-results ignored="0" total="3" passed="3" failed="0" skipped="0">
  <reporter-output>
  </reporter-output>
  <suite started-at="2023-07-01T13:12:09 IST" name="Surefire suite" finished-at="2023-07-01T13:12:48 IST" duration-ms="38612">
    <groups>
    </groups>
    <test started-at="2023-07-01T13:12:09 IST" name="Surefire test" finished-at="2023-07-01T13:12:48 IST" duration-ms="38612">
      <class name="com.qa.testcases.HomepageTest">
        <test-method is-config="true" signature="setp()[pri:0, instance:com.qa.testcases.HomepageTest@3bf9ce3e]" started-at="2023-07-01T13:12:10 IST" name="setp" finished-at="2023-07-01T13:12:18 IST" duration-ms="7945" status="PASS">
          <reporter-output>
          </reporter-output>
        </test-method> <!-- setp -->
        <test-method signature="gettitlecomtats()[pri:0, instance:com.qa.testcases.HomepageTest@3bf9ce3e]" started-at="2023-07-01T13:12:18 IST" name="gettitlecomtats" finished-at="2023-07-01T13:12:33 IST" duration-ms="15844" status="PASS">
          <reporter-output>
          </reporter-output>
        </test-method> <!-- gettitlecomtats -->
      </class> <!-- com.qa.testcases.HomepageTest -->
      <class name="com.qa.testcases.LoginpageTest">
        <test-method is-config="true" signature="setup()[pri:0, instance:com.qa.testcases.LoginpageTest@67f639d3]" started-at="2023-07-01T13:12:33 IST" name="setup" finished-at="2023-07-01T13:12:42 IST" duration-ms="8412" status="PASS">
          <reporter-output>
          </reporter-output>
        </test-method> <!-- setup -->
        <test-method signature="clicklogin()[pri:1, instance:com.qa.testcases.LoginpageTest@67f639d3]" started-at="2023-07-01T13:12:42 IST" name="clicklogin" finished-at="2023-07-01T13:12:42 IST" duration-ms="431" status="PASS">
          <reporter-output>
          </reporter-output>
        </test-method> <!-- clicklogin -->
        <test-method is-config="true" signature="teardown()[pri:0, instance:com.qa.testcases.LoginpageTest@67f639d3]" started-at="2023-07-01T13:12:42 IST" name="teardown" finished-at="2023-07-01T13:12:42 IST" duration-ms="244" status="PASS">
          <reporter-output>
          </reporter-output>
        </test-method> <!-- teardown -->
        <test-method is-config="true" signature="setup()[pri:0, instance:com.qa.testcases.LoginpageTest@67f639d3]" started-at="2023-07-01T13:12:42 IST" name="setup" finished-at="2023-07-01T13:12:48 IST" duration-ms="5340" status="PASS">
          <reporter-output>
          </reporter-output>
        </test-method> <!-- setup -->
        <test-method signature="verifytitle()[pri:2, instance:com.qa.testcases.LoginpageTest@67f639d3]" started-at="2023-07-01T13:12:48 IST" name="verifytitle" finished-at="2023-07-01T13:12:48 IST" duration-ms="18" status="PASS">
          <reporter-output>
          </reporter-output>
        </test-method> <!-- verifytitle -->
        <test-method is-config="true" signature="teardown()[pri:0, instance:com.qa.testcases.LoginpageTest@67f639d3]" started-at="2023-07-01T13:12:48 IST" name="teardown" finished-at="2023-07-01T13:12:48 IST" duration-ms="242" status="PASS">
          <reporter-output>
          </reporter-output>
        </test-method> <!-- teardown -->
      </class> <!-- com.qa.testcases.LoginpageTest -->
    </test> <!-- Surefire test -->
  </suite> <!-- Surefire suite -->
</testng-results>
