<?xml version="1.0" encoding="UTF-8"?>
<testng-results ignored="0" total="3" passed="3" failed="0" skipped="0">
  <reporter-output>
  </reporter-output>
  <suite started-at="2023-07-01T12:42:09 IST" name="Freecrm" finished-at="2023-07-01T12:42:42 IST" duration-ms="32767">
    <groups>
    </groups>
    <test started-at="2023-07-01T12:42:09 IST" name="Free crm testcases" finished-at="2023-07-01T12:42:42 IST" duration-ms="32767">
      <class name="com.qa.testcases.HomepageTest">
        <test-method is-config="true" signature="setp()[pri:0, instance:com.qa.testcases.HomepageTest@cc43f62]" started-at="2023-07-01T12:42:21 IST" name="setp" finished-at="2023-07-01T12:42:26 IST" duration-ms="5093" status="PASS">
          <reporter-output>
          </reporter-output>
        </test-method> <!-- setp -->
        <test-method signature="gettitlecomtats()[pri:0, instance:com.qa.testcases.HomepageTest@cc43f62]" started-at="2023-07-01T12:42:26 IST" name="gettitlecomtats" finished-at="2023-07-01T12:42:42 IST" duration-ms="15617" status="PASS">
          <reporter-output>
          </reporter-output>
        </test-method> <!-- gettitlecomtats -->
      </class> <!-- com.qa.testcases.HomepageTest -->
      <class name="com.qa.testcases.LoginpageTest">
        <test-method is-config="true" signature="setup()[pri:0, instance:com.qa.testcases.LoginpageTest@2af004b]" started-at="2023-07-01T12:42:09 IST" name="setup" finished-at="2023-07-01T12:42:16 IST" duration-ms="6354" status="PASS">
          <reporter-output>
          </reporter-output>
        </test-method> <!-- setup -->
        <test-method signature="clicklogin()[pri:1, instance:com.qa.testcases.LoginpageTest@2af004b]" started-at="2023-07-01T12:42:16 IST" name="clicklogin" finished-at="2023-07-01T12:42:16 IST" duration-ms="406" status="PASS">
          <reporter-output>
          </reporter-output>
        </test-method> <!-- clicklogin -->
        <test-method is-config="true" signature="teardown()[pri:0, instance:com.qa.testcases.LoginpageTest@2af004b]" started-at="2023-07-01T12:42:16 IST" name="teardown" finished-at="2023-07-01T12:42:16 IST" duration-ms="214" status="PASS">
          <reporter-output>
          </reporter-output>
        </test-method> <!-- teardown -->
        <test-method is-config="true" signature="setup()[pri:0, instance:com.qa.testcases.LoginpageTest@2af004b]" started-at="2023-07-01T12:42:16 IST" name="setup" finished-at="2023-07-01T12:42:21 IST" duration-ms="4713" status="PASS">
          <reporter-output>
          </reporter-output>
        </test-method> <!-- setup -->
        <test-method signature="verifytitle()[pri:2, instance:com.qa.testcases.LoginpageTest@2af004b]" started-at="2023-07-01T12:42:21 IST" name="verifytitle" finished-at="2023-07-01T12:42:21 IST" duration-ms="20" status="PASS">
          <reporter-output>
          </reporter-output>
        </test-method> <!-- verifytitle -->
        <test-method is-config="true" signature="teardown()[pri:0, instance:com.qa.testcases.LoginpageTest@2af004b]" started-at="2023-07-01T12:42:21 IST" name="teardown" finished-at="2023-07-01T12:42:21 IST" duration-ms="246" status="PASS">
          <reporter-output>
          </reporter-output>
        </test-method> <!-- teardown -->
      </class> <!-- com.qa.testcases.LoginpageTest -->
    </test> <!-- Free crm testcases -->
  </suite> <!-- Freecrm -->
</testng-results>
